<?xml version="1.0" encoding="UTF-8"?>
<testsuite xmlns:xsi="http://www.w3.org/2001/XMLSchema-instance" xsi:noNamespaceSchemaLocation="https://maven.apache.org/surefire/maven-surefire-plugin/xsd/surefire-test-report-3.0.xsd" version="3.0" name="com.error404squad.MOVIEHUB.MoviehubApplicationTests" time="6.755" tests="1" errors="0" skipped="0" failures="0">
  <properties>
[...]
</properties>
  <testcase name="contextLoads" classname="com.error404squad.MOVIEHUB.MoviehubApplicationTests" time="0.408">
    <system-out><![CDATA[13:02:34.645 [main] INFO org.springframework.test.context.support.AnnotationConfigContextLoaderUtils -- Could not detect default configuration classes for test class [com.error404squad.MOVIEHUB.MoviehubApplicationTests]: MoviehubApplicationTests does not declare any static, non-private, non-final, nested classes annotated with @Configuration.
13:02:34.738 [main] INFO org.springframework.boot.test.context.SpringBootTestContextBootstrapper -- Found @SpringBootConfiguration com.error404squad.MOVIEHUB.MoviehubApplication for test class com.error404squad.MOVIEHUB.MoviehubApplicationTests

  .   ____          _            __ _ _
 /\\ / ___'_ __ _ _(_)_ __  __ _ \ \ \ \
( ( )\___ | '_ | '_| | '_ \/ _` | \ \ \ \
 \\/  ___)| |_)| | | | | || (_| |  ) ) ) )
  '  |____| .__|_| |_|_| |_\__, | / / / /
 =========|_|==============|___/=/_/_/_/
 :: Spring Boot ::                (v3.1.2)

2025-09-04T13:02:35.101-05:00  INFO 11948 --- [           main] c.e.MOVIEHUB.MoviehubApplicationTests    : Starting MoviehubApplicationTests using Java 17.0.12 with PID 11948 (started by Andres in C:\Users\Andres\Desktop\U\semestre decimo\Seminario\Project\MOVIEHUB\MOVIEHUB)
2025-09-04T13:02:35.103-05:00  INFO 11948 --- [           main] c.e.MOVIEHUB.MoviehubApplicationTests    : No active profile set, falling back to 1 default profile: "default"
2025-09-04T13:02:35.679-05:00  INFO 11948 --- [           main] .s.d.r.c.RepositoryConfigurationDelegate : Bootstrapping Spring Data JPA repositories in DEFAULT mode.
2025-09-04T13:02:35.762-05:00  INFO 11948 --- [           main] .s.d.r.c.RepositoryConfigurationDelegate : Finished Spring Data repository scanning in 73 ms. Found 5 JPA repository interfaces.
2025-09-04T13:02:36.179-05:00  INFO 11948 --- [           main] o.hibernate.jpa.internal.util.LogHelper  : HHH000204: Processing PersistenceUnitInfo [name: default]
2025-09-04T13:02:36.248-05:00  INFO 11948 --- [           main] org.hibernate.Version                    : HHH000412: Hibernate ORM core version 6.2.6.Final
2025-09-04T13:02:36.250-05:00  INFO 11948 --- [           main] org.hibernate.cfg.Environment            : HHH000406: Using bytecode reflection optimizer
2025-09-04T13:02:36.440-05:00  INFO 11948 --- [           main] o.h.b.i.BytecodeProviderInitiator        : HHH000021: Bytecode provider name : bytebuddy
2025-09-04T13:02:36.558-05:00  INFO 11948 --- [           main] o.s.o.j.p.SpringPersistenceUnitInfo      : No LoadTimeWeaver setup: ignoring JPA class transformer
2025-09-04T13:02:36.579-05:00  INFO 11948 --- [           main] com.zaxxer.hikari.HikariDataSource       : HikariPool-1 - Starting...
2025-09-04T13:02:37.699-05:00  INFO 11948 --- [           main] com.zaxxer.hikari.pool.HikariPool        : HikariPool-1 - Added connection org.postgresql.jdbc.PgConnection@2321e482
2025-09-04T13:02:37.701-05:00  INFO 11948 --- [           main] com.zaxxer.hikari.HikariDataSource       : HikariPool-1 - Start completed.
2025-09-04T13:02:38.163-05:00  INFO 11948 --- [           main] o.h.b.i.BytecodeProviderInitiator        : HHH000021: Bytecode provider name : bytebuddy
2025-09-04T13:02:38.667-05:00  INFO 11948 --- [           main] o.h.e.t.j.p.i.JtaPlatformInitiator       : HHH000490: Using JtaPlatform implementation: [org.hibernate.engine.transaction.jta.platform.internal.NoJtaPlatform]
Hibernate: create table cliente (id bigserial not null, email varchar(255), nombre varchar(255), password varchar(255), primary key (id))
Hibernate: create table horario (id bigserial not null, fecha_hora timestamp(6), primary key (id))
Hibernate: create table pelicula (id bigserial not null, descripcion varchar(255), duracion integer not null, genero varchar(255), titulo varchar(255), primary key (id))
Hibernate: create table reserva (id bigserial not null, codigo_acceso varchar(255), cliente_id bigint, horario_id bigint, pelicula_id bigint, sala_id bigint, primary key (id))
Hibernate: create table sala (id bigserial not null, capacidad integer not null, nombre varchar(255), primary key (id))
Hibernate: alter table if exists reserva add constraint FK7cg2jiyn5cf6f6elccvb6963k foreign key (cliente_id) references cliente
Hibernate: alter table if exists reserva add constraint FKcyafkwiigiry8ghmryho2h8a foreign key (horario_id) references horario
Hibernate: alter table if exists reserva add constraint FKnjq8l52fh228phv7v33cny01w foreign key (pelicula_id) references pelicula
Hibernate: alter table if exists reserva add constraint FKrb7m5fot7vm8u2d83p0im7ekw foreign key (sala_id) references sala
2025-09-04T13:02:39.935-05:00  INFO 11948 --- [           main] j.LocalContainerEntityManagerFactoryBean : Initialized JPA EntityManagerFactory for persistence unit 'default'
2025-09-04T13:02:40.488-05:00  WARN 11948 --- [           main] JpaBaseConfiguration$JpaWebConfiguration : spring.jpa.open-in-view is enabled by default. Therefore, database queries may be performed during view rendering. Explicitly configure spring.jpa.open-in-view to disable this warning
2025-09-04T13:02:40.839-05:00  INFO 11948 --- [           main] c.e.MOVIEHUB.MoviehubApplicationTests    : Started MoviehubApplicationTests in 5.959 seconds (process running for 6.829)
]]></system-out>
  </testcase>
</testsuite>